{
  "RSpec": {
    "coverage": {
      "/Users/dominikapienczyn/Documents/projekty_rozmowy/open_weather/spec/controllers/users/omniauth_callbacks_controller_spec.rb": {
        "lines": [
          1,
          1,
          null,
          1,
          1,
          4,
          null,
          1,
          1,
          null,
          null,
          1,
          1,
          null,
          null,
          1,
          1,
          null,
          null,
          null
        ]
      },
      "/Users/dominikapienczyn/Documents/projekty_rozmowy/open_weather/spec/rails_helper.rb": {
        "lines": [
          1,
          null,
          1,
          null,
          1,
          null,
          1,
          null,
          1,
          1,
          1,
          1,
          1,
          null,
          null,
          1,
          null,
          0,
          0,
          null,
          null,
          1,
          1,
          null,
          null,
          1,
          1,
          1,
          1,
          1,
          1,
          1,
          1,
          null
        ]
      },
      "/Users/dominikapienczyn/Documents/projekty_rozmowy/open_weather/config/environment.rb": {
        "lines": [
          null,
          1,
          null,
          null,
          1
        ]
      },
      "/Users/dominikapienczyn/Documents/projekty_rozmowy/open_weather/config/application.rb": {
        "lines": [
          1,
          null,
          1,
          null,
          null,
          null,
          1,
          1,
          null,
          1,
          1,
          1,
          null,
          null
        ]
      },
      "/Users/dominikapienczyn/Documents/projekty_rozmowy/open_weather/config/boot.rb": {
        "lines": [
          1,
          null,
          1,
          1
        ]
      },
      "/Users/dominikapienczyn/Documents/projekty_rozmowy/open_weather/config/spring.rb": {
        "lines": [
          1,
          null,
          null,
          null,
          null,
          null
        ]
      },
      "/Users/dominikapienczyn/Documents/projekty_rozmowy/open_weather/config/environments/test.rb": {
        "lines": [
          1,
          null,
          null,
          null,
          null,
          null,
          null,
          1,
          null,
          null,
          1,
          1,
          null,
          null,
          null,
          null,
          1,
          null,
          null,
          1,
          1,
          null,
          null,
          1,
          null,
          1,
          null,
          null,
          null,
          null,
          null,
          1,
          1,
          1,
          null,
          null,
          1,
          null,
          null,
          1,
          null,
          null,
          1,
          null,
          1,
          null,
          null,
          null,
          null,
          1,
          null,
          null,
          1,
          null,
          null,
          1,
          null,
          null,
          1,
          null,
          null,
          null,
          null,
          null,
          null,
          null
        ]
      },
      "/Users/dominikapienczyn/Documents/projekty_rozmowy/open_weather/config/initializers/application_controller_renderer.rb": {
        "lines": [
          null,
          null,
          null,
          null,
          null,
          null,
          null,
          null
        ]
      },
      "/Users/dominikapienczyn/Documents/projekty_rozmowy/open_weather/config/initializers/assets.rb": {
        "lines": [
          null,
          null,
          null,
          1,
          null,
          null,
          null,
          null,
          1,
          null,
          null,
          null,
          null,
          null
        ]
      },
      "/Users/dominikapienczyn/Documents/projekty_rozmowy/open_weather/config/initializers/backtrace_silencers.rb": {
        "lines": [
          null,
          null,
          null,
          null,
          null,
          null,
          null,
          1
        ]
      },
      "/Users/dominikapienczyn/Documents/projekty_rozmowy/open_weather/config/initializers/content_security_policy.rb": {
        "lines": [
          null,
          null,
          null,
          null,
          null,
          null,
          null,
          null,
          null,
          null,
          null,
          null,
          null,
          null,
          null,
          null,
          null,
          null,
          null,
          null,
          null,
          null,
          null,
          null,
          null,
          null,
          null,
          null,
          null,
          null
        ]
      },
      "/Users/dominikapienczyn/Documents/projekty_rozmowy/open_weather/config/initializers/cookies_serializer.rb": {
        "lines": [
          null,
          null,
          null,
          null,
          1
        ]
      },
      "/Users/dominikapienczyn/Documents/projekty_rozmowy/open_weather/config/initializers/cors.rb": {
        "lines": [
          1,
          1,
          1,
          1,
          null,
          null
        ]
      },
      "/Users/dominikapienczyn/Documents/projekty_rozmowy/open_weather/config/initializers/devise.rb": {
        "lines": [
          null,
          1,
          1,
          1,
          1,
          1,
          1,
          1,
          1,
          1,
          1,
          1,
          1,
          1,
          1,
          1,
          1,
          null
        ]
      },
      "/Users/dominikapienczyn/Documents/projekty_rozmowy/open_weather/config/initializers/filter_parameter_logging.rb": {
        "lines": [
          null,
          null,
          null,
          1,
          null,
          null
        ]
      },
      "/Users/dominikapienczyn/Documents/projekty_rozmowy/open_weather/config/initializers/inflections.rb": {
        "lines": [
          null,
          null,
          null,
          null,
          null,
          null,
          null,
          null,
          null,
          null,
          null,
          null,
          null,
          null,
          null,
          null
        ]
      },
      "/Users/dominikapienczyn/Documents/projekty_rozmowy/open_weather/config/initializers/mime_types.rb": {
        "lines": [
          null,
          null,
          null,
          null
        ]
      },
      "/Users/dominikapienczyn/Documents/projekty_rozmowy/open_weather/config/initializers/permissions_policy.rb": {
        "lines": [
          null,
          null,
          null,
          null,
          null,
          null,
          null,
          null,
          null,
          null,
          null
        ]
      },
      "/Users/dominikapienczyn/Documents/projekty_rozmowy/open_weather/config/initializers/wrap_parameters.rb": {
        "lines": [
          null,
          null,
          null,
          null,
          null,
          null,
          1,
          2,
          null,
          null,
          null,
          null,
          null,
          null
        ]
      },
      "/Users/dominikapienczyn/Documents/projekty_rozmowy/open_weather/spec/factories/users.rb": {
        "lines": [
          1,
          1,
          9,
          20,
          20,
          20,
          null,
          null
        ]
      },
      "/Users/dominikapienczyn/Documents/projekty_rozmowy/open_weather/spec/factories/weathers.rb": {
        "lines": [
          1,
          1,
          13,
          13,
          11,
          null,
          1,
          null,
          null
        ]
      },
      "/Users/dominikapienczyn/Documents/projekty_rozmowy/open_weather/config/routes.rb": {
        "lines": [
          1,
          1,
          1,
          1,
          null,
          null
        ]
      },
      "/Users/dominikapienczyn/Documents/projekty_rozmowy/open_weather/app/models/user.rb": {
        "lines": [
          1,
          1,
          null,
          1,
          null,
          null,
          null,
          1,
          0,
          0,
          null,
          0,
          0,
          null,
          null,
          null,
          null,
          0,
          null,
          null
        ]
      },
      "/Users/dominikapienczyn/Documents/projekty_rozmowy/open_weather/app/models/application_record.rb": {
        "lines": [
          1,
          1,
          null
        ]
      },
      "/Users/dominikapienczyn/Documents/projekty_rozmowy/open_weather/app/helpers/application_helper.rb": {
        "lines": [
          1,
          null
        ]
      },
      "/Users/dominikapienczyn/Documents/projekty_rozmowy/open_weather/app/helpers/home_helper.rb": {
        "lines": [
          1,
          null
        ]
      },
      "/Users/dominikapienczyn/Documents/projekty_rozmowy/open_weather/spec/support/shoulda_matchers.rb": {
        "lines": [
          1,
          1,
          1,
          1,
          null,
          null
        ]
      },
      "/Users/dominikapienczyn/Documents/projekty_rozmowy/open_weather/spec/support/controller_macros.rb": {
        "lines": [
          1,
          1,
          11,
          11,
          null,
          11,
          null,
          null
        ]
      },
      "/Users/dominikapienczyn/Documents/projekty_rozmowy/open_weather/spec/support/factory_bot_extensions.rb": {
        "lines": [
          1,
          1,
          null,
          1,
          0,
          null,
          null
        ]
      },
      "/Users/dominikapienczyn/Documents/projekty_rozmowy/open_weather/spec/support/render_views.rb": {
        "lines": [
          1
        ]
      },
      "/Users/dominikapienczyn/Documents/projekty_rozmowy/open_weather/app/controllers/users/omniauth_callbacks_controller.rb": {
        "lines": [
          1,
          1,
          0,
          null,
          0,
          0,
          0,
          null,
          0,
          0,
          null,
          null,
          null,
          1,
          0,
          null,
          null
        ]
      },
      "/Users/dominikapienczyn/Documents/projekty_rozmowy/open_weather/app/controllers/application_controller.rb": {
        "lines": [
          1,
          1,
          null,
          1,
          null
        ]
      },
      "/Users/dominikapienczyn/Documents/projekty_rozmowy/open_weather/spec/controllers/weathers_controller_spec.rb": {
        "lines": [
          1,
          1,
          null,
          1,
          1,
          2,
          null,
          2,
          null,
          1,
          null,
          2,
          null,
          null,
          1,
          1,
          2,
          null,
          2,
          null,
          2,
          null,
          null,
          1,
          2,
          null,
          2,
          null,
          null,
          null,
          1,
          1,
          2,
          null,
          null,
          1,
          3,
          null,
          3,
          null,
          3,
          2,
          null,
          null,
          null,
          1,
          1,
          2,
          null,
          null,
          3,
          null,
          3,
          null,
          1,
          3,
          null,
          2,
          2,
          null,
          null,
          null,
          1,
          1,
          2,
          null,
          null,
          3,
          null,
          3,
          null,
          2,
          2,
          null,
          null
        ]
      },
      "/Users/dominikapienczyn/Documents/projekty_rozmowy/open_weather/app/controllers/weathers_controller.rb": {
        "lines": [
          1,
          1,
          null,
          1,
          1,
          null,
          null,
          1,
          1,
          null,
          null,
          1,
          null,
          null,
          1,
          2,
          2,
          null,
          2,
          2,
          null,
          2,
          null,
          null,
          null,
          1,
          2,
          0,
          null,
          0,
          null,
          2,
          null,
          null,
          null,
          1,
          2,
          0,
          0,
          null,
          2,
          null,
          null,
          null,
          1,
          null,
          1,
          4,
          null,
          null,
          1,
          2,
          null,
          null
        ]
      },
      "/Users/dominikapienczyn/Documents/projekty_rozmowy/open_weather/spec/models/user_spec.rb": {
        "lines": [
          1,
          null,
          1,
          2,
          null
        ]
      },
      "/Users/dominikapienczyn/Documents/projekty_rozmowy/open_weather/spec/models/weather_spec.rb": {
        "lines": [
          1,
          null,
          1,
          1,
          2,
          null,
          null,
          1,
          2,
          null,
          null,
          1,
          1,
          2,
          null,
          2,
          null,
          null,
          1,
          2,
          null,
          2,
          null,
          null,
          null
        ]
      },
      "/Users/dominikapienczyn/Documents/projekty_rozmowy/open_weather/app/models/weather.rb": {
        "lines": [
          1,
          1,
          null,
          1,
          null,
          1,
          2,
          null,
          1,
          null,
          1,
          1,
          null,
          1,
          0,
          null,
          1,
          null,
          null,
          null,
          1,
          0,
          null,
          null
        ]
      },
      "/Users/dominikapienczyn/Documents/projekty_rozmowy/open_weather/spec/services/get_weather_spec.rb": {
        "lines": [
          1,
          null,
          1,
          1,
          1,
          null,
          null,
          1,
          2,
          null,
          2,
          null,
          null
        ]
      },
      "/Users/dominikapienczyn/Documents/projekty_rozmowy/open_weather/app/services/get_weather.rb": {
        "lines": [
          1,
          1,
          3,
          null,
          null,
          1,
          3,
          null,
          null,
          1,
          null,
          1,
          3,
          null,
          null,
          null,
          null,
          1,
          3,
          null,
          3,
          0,
          0,
          null,
          null,
          null
        ]
      },
      "/Users/dominikapienczyn/Documents/projekty_rozmowy/open_weather/app/services/application_service.rb": {
        "lines": [
          1,
          1,
          1,
          1,
          1,
          null,
          1,
          4,
          null,
          null,
          1,
          0,
          null,
          null,
          1,
          1,
          null,
          1,
          4,
          null,
          null,
          1,
          2,
          null,
          null,
          1,
          0,
          null,
          null,
          null,
          1,
          1,
          null,
          1,
          0,
          0,
          null,
          null,
          1,
          0,
          null,
          null,
          1,
          0,
          null,
          null,
          null,
          1,
          null,
          null
        ]
      },
      "/Users/dominikapienczyn/Documents/projekty_rozmowy/open_weather/spec/services/update_weather_spec.rb": {
        "lines": [
          1,
          null,
          1,
          1,
          1,
          null,
          null,
          1,
          2,
          null,
          2,
          null,
          null
        ]
      },
      "/Users/dominikapienczyn/Documents/projekty_rozmowy/open_weather/app/services/update_weather.rb": {
        "lines": [
          1,
          1,
          1,
          null,
          null,
          1,
          1,
          1,
          null,
          null,
          1,
          null,
          null,
          1,
          null,
          1,
          1,
          null,
          null,
          null,
          null,
          1,
          1,
          null,
          1,
          0,
          0,
          null,
          null,
          null
        ]
      }
    },
    "timestamp": 1635182789
  }
}
